Arguments: 
  /snap/node/5782/bin/node /usr/local/bin/yarn global dir

PATH: 
  /usr/local/lib/node_modules/expo-cli/node_modules/xdl/binaries/linux/adb:”””””””””/home/yaku/.nvm/versions/node/v17.3.1/bin:”””””””””/usr/local/sbin:/usr/local/bin:/usr/sbin:/usr/bin:/sbin:/bin:/usr/games:/usr/local/games:/snap/bin:/home/yaku/flutter/bin”:/home/yaku/bin/cache/dart-sdk/bin”:/home/yaku/.pub-cache/bin”:/home/yaku/flutter/bin”:/home/yaku/bin/cache/dart-sdk/bin”:/home/yaku/.pub-cache/bin”:/home/yaku/flutter/bin”:/home/yaku/bin/cache/dart-sdk/bin”:/home/yaku/.pub-cache/bin”:/home/yaku/flutter/bin”:/home/yaku/bin/cache/dart-sdk/bin”:/home/yaku/.pub-cache/bin”:/home/yaku/Desktop/android_mdm/expo_monitore/flutter/bin”:/home/yaku/Desktop/android_mdm/expo_monitore/bin/cache/dart-sdk/bin”:/home/yaku/Desktop/android_mdm/expo_monitore/.pub-cache/bin”:/home/yaku/Desktop/android_mdm/mdm_monitor/flutter/bin”:/home/yaku/Desktop/android_mdm/mdm_monitor/bin/cache/dart-sdk/bin”:/home/yaku/Desktop/android_mdm/mdm_monitor/.pub-cache/bin”

Yarn version: 
  1.22.17

Node version: 
  14.18.3

Platform: 
  linux x64

Trace: 
  Error: EACCES: permission denied, write
      at writeSync (fs.js:736:3)
      at SyncWriteStream._write (internal/fs/sync_write_stream.js:24:3)
      at writeOrBuffer (internal/streams/writable.js:358:12)
      at SyncWriteStream.Writable.write (internal/streams/writable.js:303:10)
      at ConsoleReporter._log (/usr/local/lib/node_modules/yarn/lib/cli.js:96904:17)
      at ConsoleReporter.log (/usr/local/lib/node_modules/yarn/lib/cli.js:96892:10)
      at dir (/usr/local/lib/node_modules/yarn/lib/cli.js:36299:14)
      at Object.<anonymous> (/usr/local/lib/node_modules/yarn/lib/cli.js:25983:25)
      at Generator.next (<anonymous>)
      at step (/usr/local/lib/node_modules/yarn/lib/cli.js:310:30)

npm manifest: 
  {
    "name": "mdm_monitor",
    "version": "1.0.0",
    "main": "node_modules/expo/AppEntry.js",
    "scripts": {
      "start": "expo start",
      "android": "expo start --android",
      "ios": "expo start --ios",
      "web": "expo start --web",
      "eject": "expo eject"
    },
    "dependencies": {
      "expo": "~44.0.0",
      "expo-status-bar": "~1.2.0",
      "react": "17.0.1",
      "react-dom": "17.0.1",
      "react-native": "0.64.3",
      "react-native-web": "0.17.1"
    },
    "devDependencies": {
      "@babel/core": "^7.12.9",
      "@types/react": "~17.0.21",
      "@types/react-native": "~0.64.12",
      "typescript": "~4.3.5"
    },
    "private": true
  }

yarn manifest: 
  No manifest

Lockfile: 
  No lockfile
